<?xml version="1.0" encoding="UTF-8" standalone="no"?>
<testsuite errors="0" failures="0" name="io.cucumber.core.plugin.JUnitFormatter" skipped="0" tests="1" time="18.346">
    <testcase classname="To Validate Login Application" name="To Validate Login Application with Valid credentials" time="17.996">
        <system-out><![CDATA[Given If User is on login screen............................................passed
When User enters name "Admin"...............................................passed
And User enters password "admin123".........................................passed
And click on Submit.........................................................passed
Then I should see user name "Welcome Paul"..................................passed
]]></system-out>
    </testcase>
</testsuite>
